[
  {
    "line": 1,
    "elements": [
      {
        "start_timestamp": "2022-06-06T17:31:24.505Z",
        "before": [
          {
            "result": {
              "duration": 1993500,
              "status": "passed"
            },
            "match": {
              "location": "stepDefinitionNew.HooksStepDefinition.setup()"
            }
          }
        ],
        "line": 47,
        "name": "Log-in with valid username and password",
        "description": "",
        "id": "myaccount-login-feature;log-in-with-valid-username-and-password",
        "after": [
          {
            "result": {
              "duration": 1993500,
              "status": "passed"
            },
            "match": {
              "location": "stepDefinitionNew.HooksStepDefinition.tearDown()"
            }
          }
        ],
        "type": "scenario",
        "keyword": "Scenario",
        "steps": [
          {
            "result": {
              "error_message": "org.openqa.selenium.SessionNotCreatedException: session not created\nfrom chrome not reachable\n  (Session info: chrome\u003d101.0.4951.67)\n  (Driver info: chromedriver\u003d2.44.609538 (b655c5a60b0b544917107a59d4153d4bf78e1b90),platform\u003dWindows NT 10.0.19044 x86_64) (WARNING: The server did not provide any stacktrace information)\nCommand duration or timeout: 15.35 seconds\nBuild info: version: \u00273.6.0\u0027, revision: \u00276fbf3ec767\u0027, time: \u00272017-09-27T15:28:36.4Z\u0027\nSystem info: host: \u0027DESKTOP-RDHUOQB\u0027, ip: \u0027192.168.1.10\u0027, os.name: \u0027Windows 10\u0027, os.arch: \u0027amd64\u0027, os.version: \u002710.0\u0027, java.version: \u002717.0.2\u0027\nDriver info: driver.version: ChromeDriver\r\n\tat java.base/jdk.internal.reflect.NativeConstructorAccessorImpl.newInstance0(Native Method)\r\n\tat java.base/jdk.internal.reflect.NativeConstructorAccessorImpl.newInstance(NativeConstructorAccessorImpl.java:77)\r\n\tat java.base/jdk.internal.reflect.DelegatingConstructorAccessorImpl.newInstance(DelegatingConstructorAccessorImpl.java:45)\r\n\tat java.base/java.lang.reflect.Constructor.newInstanceWithCaller(Constructor.java:499)\r\n\tat java.base/java.lang.reflect.Constructor.newInstance(Constructor.java:480)\r\n\tat org.openqa.selenium.remote.ErrorHandler.createThrowable(ErrorHandler.java:214)\r\n\tat org.openqa.selenium.remote.ErrorHandler.throwIfResponseFailed(ErrorHandler.java:166)\r\n\tat org.openqa.selenium.remote.JsonWireProtocolResponse.lambda$new$0(JsonWireProtocolResponse.java:53)\r\n\tat org.openqa.selenium.remote.JsonWireProtocolResponse.lambda$getResponseFunction$2(JsonWireProtocolResponse.java:91)\r\n\tat org.openqa.selenium.remote.ProtocolHandshake.lambda$createSession$24(ProtocolHandshake.java:359)\r\n\tat java.base/java.util.stream.ReferencePipeline$3$1.accept(ReferencePipeline.java:197)\r\n\tat java.base/java.util.Spliterators$ArraySpliterator.tryAdvance(Spliterators.java:1002)\r\n\tat java.base/java.util.stream.ReferencePipeline.forEachWithCancel(ReferencePipeline.java:129)\r\n\tat java.base/java.util.stream.AbstractPipeline.copyIntoWithCancel(AbstractPipeline.java:527)\r\n\tat java.base/java.util.stream.AbstractPipeline.copyInto(AbstractPipeline.java:513)\r\n\tat java.base/java.util.stream.AbstractPipeline.wrapAndCopyInto(AbstractPipeline.java:499)\r\n\tat java.base/java.util.stream.FindOps$FindOp.evaluateSequential(FindOps.java:150)\r\n\tat java.base/java.util.stream.AbstractPipeline.evaluate(AbstractPipeline.java:234)\r\n\tat java.base/java.util.stream.ReferencePipeline.findFirst(ReferencePipeline.java:647)\r\n\tat org.openqa.selenium.remote.ProtocolHandshake.createSession(ProtocolHandshake.java:362)\r\n\tat org.openqa.selenium.remote.ProtocolHandshake.createSession(ProtocolHandshake.java:136)\r\n\tat org.openqa.selenium.remote.HttpCommandExecutor.execute(HttpCommandExecutor.java:142)\r\n\tat org.openqa.selenium.remote.service.DriverCommandExecutor.execute(DriverCommandExecutor.java:83)\r\n\tat org.openqa.selenium.remote.RemoteWebDriver.execute(RemoteWebDriver.java:586)\r\n\tat org.openqa.selenium.remote.RemoteWebDriver.startSession(RemoteWebDriver.java:217)\r\n\tat org.openqa.selenium.remote.RemoteWebDriver.\u003cinit\u003e(RemoteWebDriver.java:140)\r\n\tat org.openqa.selenium.chrome.ChromeDriver.\u003cinit\u003e(ChromeDriver.java:181)\r\n\tat org.openqa.selenium.chrome.ChromeDriver.\u003cinit\u003e(ChromeDriver.java:168)\r\n\tat org.openqa.selenium.chrome.ChromeDriver.\u003cinit\u003e(ChromeDriver.java:123)\r\n\tat stepDefinitionNew.stepDefinitionN.open_the_browser(stepDefinitionN.java:27)\r\n\tat ✽.Open the browser(file:///C:/Users/RavindraBaviskar/eclipse-workspace/TestingCucumber/Feature/loginMyAccount.feature:48)\r\n",
              "duration": 16559034700,
              "status": "failed"
            },
            "line": 48,
            "name": "Open the browser",
            "match": {
              "location": "stepDefinitionNew.stepDefinitionN.open_the_browser()"
            },
            "keyword": "Given "
          },
          {
            "result": {
              "status": "skipped"
            },
            "line": 49,
            "name": "Enter the URL \"http://practice.automationtesting.in/\"",
            "match": {
              "arguments": [
                {
                  "val": "http://practice.automationtesting.in/",
                  "offset": 15
                }
              ],
              "location": "stepDefinitionNew.stepDefinitionN.enter_the_URL(java.lang.String)"
            },
            "keyword": "When "
          },
          {
            "result": {
              "status": "skipped"
            },
            "line": 50,
            "name": "Click on My Account Menu",
            "match": {
              "location": "stepDefinitionNew.stepDefinitionN.click_on_My_Account_Menu()"
            },
            "keyword": "And "
          },
          {
            "result": {
              "status": "skipped"
            },
            "line": 51,
            "name": "Enter registered username and password",
            "match": {
              "location": "stepDefinitionNew.stepDefinitionN.enter_registered_username_and_password(io.cucumber.datatable.DataTable)"
            },
            "rows": [
              {
                "cells": [
                  "username",
                  "password"
                ]
              },
              {
                "cells": [
                  "archu.sonawane@gmail.com",
                  "taranayan1420"
                ]
              },
              {
                "cells": [
                  "ravi@gmail.com",
                  "test123"
                ]
              }
            ],
            "keyword": "And "
          },
          {
            "result": {
              "status": "skipped"
            },
            "line": 55,
            "name": "Click on login button",
            "match": {
              "location": "stepDefinitionNew.stepDefinitionN.click_on_login_button()"
            },
            "keyword": "And "
          },
          {
            "result": {
              "duration": 1000500,
              "status": "skipped"
            },
            "line": 56,
            "name": "User must successfully login to the web page",
            "match": {
              "location": "stepDefinitionNew.stepDefinitionN.user_must_successfully_login_to_the_web_page()"
            },
            "keyword": "Then "
          }
        ]
      },
      {
        "start_timestamp": "2022-06-06T17:31:41.242Z",
        "before": [
          {
            "result": {
              "status": "passed"
            },
            "match": {
              "location": "stepDefinitionNew.HooksStepDefinition.setup()"
            }
          }
        ],
        "line": 59,
        "name": "Log-in with incorrect username and correct password",
        "description": "",
        "id": "myaccount-login-feature;log-in-with-incorrect-username-and-correct-password",
        "after": [
          {
            "result": {
              "duration": 2990900,
              "status": "passed"
            },
            "match": {
              "location": "stepDefinitionNew.HooksStepDefinition.tearDown()"
            }
          }
        ],
        "type": "scenario",
        "keyword": "Scenario",
        "steps": [
          {
            "result": {
              "duration": 9983481700,
              "status": "passed"
            },
            "line": 60,
            "name": "Open the browser",
            "match": {
              "location": "stepDefinitionNew.stepDefinitionN.open_the_browser()"
            },
            "keyword": "Given "
          },
          {
            "result": {
              "duration": 2950514200,
              "status": "passed"
            },
            "line": 61,
            "name": "Enter the URL \"http://practice.automationtesting.in/\"",
            "match": {
              "arguments": [
                {
                  "val": "http://practice.automationtesting.in/",
                  "offset": 15
                }
              ],
              "location": "stepDefinitionNew.stepDefinitionN.enter_the_URL(java.lang.String)"
            },
            "keyword": "When "
          },
          {
            "result": {
              "error_message": "org.openqa.selenium.NoSuchWindowException: no such window: target window already closed\nfrom unknown error: web view not found\n  (Session info: chrome\u003d101.0.4951.67)\n  (Driver info: chromedriver\u003d2.44.609538 (b655c5a60b0b544917107a59d4153d4bf78e1b90),platform\u003dWindows NT 10.0.19044 x86_64) (WARNING: The server did not provide any stacktrace information)\nCommand duration or timeout: 0 milliseconds\nBuild info: version: \u00273.6.0\u0027, revision: \u00276fbf3ec767\u0027, time: \u00272017-09-27T15:28:36.4Z\u0027\nSystem info: host: \u0027DESKTOP-RDHUOQB\u0027, ip: \u0027192.168.1.10\u0027, os.name: \u0027Windows 10\u0027, os.arch: \u0027amd64\u0027, os.version: \u002710.0\u0027, java.version: \u002717.0.2\u0027\nDriver info: org.openqa.selenium.chrome.ChromeDriver\nCapabilities [{mobileEmulationEnabled\u003dfalse, hasTouchScreen\u003dfalse, platform\u003dXP, acceptSslCerts\u003dfalse, goog:chromeOptions\u003d{debuggerAddress\u003dlocalhost:53197}, acceptInsecureCerts\u003dfalse, webStorageEnabled\u003dtrue, browserName\u003dchrome, takesScreenshot\u003dtrue, javascriptEnabled\u003dtrue, platformName\u003dXP, setWindowRect\u003dtrue, unexpectedAlertBehaviour\u003dignore, applicationCacheEnabled\u003dfalse, rotatable\u003dfalse, networkConnectionEnabled\u003dfalse, chrome\u003d{chromedriverVersion\u003d2.44.609538 (b655c5a60b0b544917107a59d4153d4bf78e1b90), userDataDir\u003dC:\\Users\\RAVIND~1\\AppData\\Local\\Temp\\scoped_dir34032_13432}, takesHeapSnapshot\u003dtrue, unhandledPromptBehavior\u003dignore, pageLoadStrategy\u003dnormal, databaseEnabled\u003dfalse, handlesAlerts\u003dtrue, version\u003d101.0.4951.67, browserConnectionEnabled\u003dfalse, nativeEvents\u003dtrue, locationContextEnabled\u003dtrue, cssSelectorsEnabled\u003dtrue}]\nSession ID: 62c7617f2dd84decc8da30df2eb031d1\n*** Element info: {Using\u003dlink text, value\u003dMy Account}\r\n\tat java.base/jdk.internal.reflect.NativeConstructorAccessorImpl.newInstance0(Native Method)\r\n\tat java.base/jdk.internal.reflect.NativeConstructorAccessorImpl.newInstance(NativeConstructorAccessorImpl.java:77)\r\n\tat java.base/jdk.internal.reflect.DelegatingConstructorAccessorImpl.newInstance(DelegatingConstructorAccessorImpl.java:45)\r\n\tat java.base/java.lang.reflect.Constructor.newInstanceWithCaller(Constructor.java:499)\r\n\tat java.base/java.lang.reflect.Constructor.newInstance(Constructor.java:480)\r\n\tat org.openqa.selenium.remote.ErrorHandler.createThrowable(ErrorHandler.java:214)\r\n\tat org.openqa.selenium.remote.ErrorHandler.throwIfResponseFailed(ErrorHandler.java:166)\r\n\tat org.openqa.selenium.remote.http.JsonHttpResponseCodec.reconstructValue(JsonHttpResponseCodec.java:40)\r\n\tat org.openqa.selenium.remote.http.AbstractHttpResponseCodec.decode(AbstractHttpResponseCodec.java:82)\r\n\tat org.openqa.selenium.remote.http.AbstractHttpResponseCodec.decode(AbstractHttpResponseCodec.java:45)\r\n\tat org.openqa.selenium.remote.HttpCommandExecutor.execute(HttpCommandExecutor.java:164)\r\n\tat org.openqa.selenium.remote.service.DriverCommandExecutor.execute(DriverCommandExecutor.java:83)\r\n\tat org.openqa.selenium.remote.RemoteWebDriver.execute(RemoteWebDriver.java:586)\r\n\tat org.openqa.selenium.remote.RemoteWebDriver.findElement(RemoteWebDriver.java:356)\r\n\tat org.openqa.selenium.remote.RemoteWebDriver.findElementByLinkText(RemoteWebDriver.java:410)\r\n\tat org.openqa.selenium.By$ByLinkText.findElement(By.java:246)\r\n\tat org.openqa.selenium.remote.RemoteWebDriver.findElement(RemoteWebDriver.java:348)\r\n\tat stepDefinitionNew.stepDefinitionN.click_on_My_Account_Menu(stepDefinitionN.java:52)\r\n\tat ✽.Click on My Account Menu(file:///C:/Users/RavindraBaviskar/eclipse-workspace/TestingCucumber/Feature/loginMyAccount.feature:62)\r\n",
              "duration": 29921600,
              "status": "failed"
            },
            "line": 62,
            "name": "Click on My Account Menu",
            "match": {
              "location": "stepDefinitionNew.stepDefinitionN.click_on_My_Account_Menu()"
            },
            "keyword": "And "
          },
          {
            "result": {
              "status": "skipped"
            },
            "line": 63,
            "name": "Enter incorrect username \"arrr@gmail.com\" and password \"taranayan1420\"",
            "match": {
              "arguments": [
                {
                  "val": "\"arrr@gmail.com\"",
                  "offset": 25
                },
                {
                  "val": "\"taranayan1420\"",
                  "offset": 55
                }
              ],
              "location": "stepDefinitionNew.stepDefinitionN.enter_incorrect_username_and_password(java.lang.String,java.lang.String)"
            },
            "keyword": "And "
          },
          {
            "result": {
              "status": "skipped"
            },
            "line": 64,
            "name": "Click on login button",
            "match": {
              "location": "stepDefinitionNew.stepDefinitionN.click_on_login_button()"
            },
            "keyword": "And "
          },
          {
            "result": {
              "status": "skipped"
            },
            "line": 65,
            "name": "Proper error must be displayed and promt to login again",
            "match": {
              "location": "stepDefinitionNew.stepDefinitionN.proper_error_must_be_displayed_and_promt_to_login_again()"
            },
            "keyword": "Then "
          }
        ]
      },
      {
        "start_timestamp": "2022-06-06T17:31:54.247Z",
        "before": [
          {
            "result": {
              "duration": 994800,
              "status": "passed"
            },
            "match": {
              "location": "stepDefinitionNew.HooksStepDefinition.setup()"
            }
          }
        ],
        "line": 68,
        "name": "Log-in with incorrect username and correct password",
        "description": "",
        "id": "myaccount-login-feature;log-in-with-incorrect-username-and-correct-password",
        "after": [
          {
            "result": {
              "status": "passed"
            },
            "match": {
              "location": "stepDefinitionNew.HooksStepDefinition.tearDown()"
            }
          }
        ],
        "type": "scenario",
        "keyword": "Scenario",
        "steps": [
          {
            "result": {
              "error_message": "org.openqa.selenium.SessionNotCreatedException: session not created\nfrom chrome not reachable\n  (Session info: chrome\u003d101.0.4951.67)\n  (Driver info: chromedriver\u003d2.44.609538 (b655c5a60b0b544917107a59d4153d4bf78e1b90),platform\u003dWindows NT 10.0.19044 x86_64) (WARNING: The server did not provide any stacktrace information)\nCommand duration or timeout: 15.13 seconds\nBuild info: version: \u00273.6.0\u0027, revision: \u00276fbf3ec767\u0027, time: \u00272017-09-27T15:28:36.4Z\u0027\nSystem info: host: \u0027DESKTOP-RDHUOQB\u0027, ip: \u0027192.168.1.10\u0027, os.name: \u0027Windows 10\u0027, os.arch: \u0027amd64\u0027, os.version: \u002710.0\u0027, java.version: \u002717.0.2\u0027\nDriver info: driver.version: ChromeDriver\r\n\tat java.base/jdk.internal.reflect.NativeConstructorAccessorImpl.newInstance0(Native Method)\r\n\tat java.base/jdk.internal.reflect.NativeConstructorAccessorImpl.newInstance(NativeConstructorAccessorImpl.java:77)\r\n\tat java.base/jdk.internal.reflect.DelegatingConstructorAccessorImpl.newInstance(DelegatingConstructorAccessorImpl.java:45)\r\n\tat java.base/java.lang.reflect.Constructor.newInstanceWithCaller(Constructor.java:499)\r\n\tat java.base/java.lang.reflect.Constructor.newInstance(Constructor.java:480)\r\n\tat org.openqa.selenium.remote.ErrorHandler.createThrowable(ErrorHandler.java:214)\r\n\tat org.openqa.selenium.remote.ErrorHandler.throwIfResponseFailed(ErrorHandler.java:166)\r\n\tat org.openqa.selenium.remote.JsonWireProtocolResponse.lambda$new$0(JsonWireProtocolResponse.java:53)\r\n\tat org.openqa.selenium.remote.JsonWireProtocolResponse.lambda$getResponseFunction$2(JsonWireProtocolResponse.java:91)\r\n\tat org.openqa.selenium.remote.ProtocolHandshake.lambda$createSession$24(ProtocolHandshake.java:359)\r\n\tat java.base/java.util.stream.ReferencePipeline$3$1.accept(ReferencePipeline.java:197)\r\n\tat java.base/java.util.Spliterators$ArraySpliterator.tryAdvance(Spliterators.java:1002)\r\n\tat java.base/java.util.stream.ReferencePipeline.forEachWithCancel(ReferencePipeline.java:129)\r\n\tat java.base/java.util.stream.AbstractPipeline.copyIntoWithCancel(AbstractPipeline.java:527)\r\n\tat java.base/java.util.stream.AbstractPipeline.copyInto(AbstractPipeline.java:513)\r\n\tat java.base/java.util.stream.AbstractPipeline.wrapAndCopyInto(AbstractPipeline.java:499)\r\n\tat java.base/java.util.stream.FindOps$FindOp.evaluateSequential(FindOps.java:150)\r\n\tat java.base/java.util.stream.AbstractPipeline.evaluate(AbstractPipeline.java:234)\r\n\tat java.base/java.util.stream.ReferencePipeline.findFirst(ReferencePipeline.java:647)\r\n\tat org.openqa.selenium.remote.ProtocolHandshake.createSession(ProtocolHandshake.java:362)\r\n\tat org.openqa.selenium.remote.ProtocolHandshake.createSession(ProtocolHandshake.java:136)\r\n\tat org.openqa.selenium.remote.HttpCommandExecutor.execute(HttpCommandExecutor.java:142)\r\n\tat org.openqa.selenium.remote.service.DriverCommandExecutor.execute(DriverCommandExecutor.java:83)\r\n\tat org.openqa.selenium.remote.RemoteWebDriver.execute(RemoteWebDriver.java:586)\r\n\tat org.openqa.selenium.remote.RemoteWebDriver.startSession(RemoteWebDriver.java:217)\r\n\tat org.openqa.selenium.remote.RemoteWebDriver.\u003cinit\u003e(RemoteWebDriver.java:140)\r\n\tat org.openqa.selenium.chrome.ChromeDriver.\u003cinit\u003e(ChromeDriver.java:181)\r\n\tat org.openqa.selenium.chrome.ChromeDriver.\u003cinit\u003e(ChromeDriver.java:168)\r\n\tat org.openqa.selenium.chrome.ChromeDriver.\u003cinit\u003e(ChromeDriver.java:123)\r\n\tat stepDefinitionNew.stepDefinitionN.open_the_browser(stepDefinitionN.java:27)\r\n\tat ✽.Open the browser(file:///C:/Users/RavindraBaviskar/eclipse-workspace/TestingCucumber/Feature/loginMyAccount.feature:69)\r\n",
              "duration": 15530758900,
              "status": "failed"
            },
            "line": 69,
            "name": "Open the browser",
            "match": {
              "location": "stepDefinitionNew.stepDefinitionN.open_the_browser()"
            },
            "keyword": "Given "
          },
          {
            "result": {
              "status": "skipped"
            },
            "line": 70,
            "name": "Enter the URL \"http://practice.automationtesting.in/\"",
            "match": {
              "arguments": [
                {
                  "val": "http://practice.automationtesting.in/",
                  "offset": 15
                }
              ],
              "location": "stepDefinitionNew.stepDefinitionN.enter_the_URL(java.lang.String)"
            },
            "keyword": "When "
          },
          {
            "result": {
              "duration": 998800,
              "status": "skipped"
            },
            "line": 71,
            "name": "Click on My Account Menu",
            "match": {
              "location": "stepDefinitionNew.stepDefinitionN.click_on_My_Account_Menu()"
            },
            "keyword": "And "
          },
          {
            "result": {
              "status": "skipped"
            },
            "line": 72,
            "name": "Enter incorrect username \"archu.sonawane@gmail.com\" and password \"taranayan\"",
            "match": {
              "arguments": [
                {
                  "val": "\"archu.sonawane@gmail.com\"",
                  "offset": 25
                },
                {
                  "val": "\"taranayan\"",
                  "offset": 65
                }
              ],
              "location": "stepDefinitionNew.stepDefinitionN.enter_incorrect_username_and_password(java.lang.String,java.lang.String)"
            },
            "keyword": "And "
          },
          {
            "result": {
              "status": "skipped"
            },
            "line": 73,
            "name": "Click on login button",
            "match": {
              "location": "stepDefinitionNew.stepDefinitionN.click_on_login_button()"
            },
            "keyword": "And "
          },
          {
            "result": {
              "status": "skipped"
            },
            "line": 74,
            "name": "Proper error must be displayed and promt to login again",
            "match": {
              "location": "stepDefinitionNew.stepDefinitionN.proper_error_must_be_displayed_and_promt_to_login_again()"
            },
            "keyword": "Then "
          }
        ]
      },
      {
        "start_timestamp": "2022-06-06T17:32:09.799Z",
        "before": [
          {
            "result": {
              "status": "passed"
            },
            "match": {
              "location": "stepDefinitionNew.HooksStepDefinition.setup()"
            }
          }
        ],
        "line": 78,
        "name": "Log-in with incorrect username and incorrect password",
        "description": "",
        "id": "myaccount-login-feature;log-in-with-incorrect-username-and-incorrect-password",
        "after": [
          {
            "result": {
              "status": "passed"
            },
            "match": {
              "location": "stepDefinitionNew.HooksStepDefinition.tearDown()"
            }
          }
        ],
        "type": "scenario",
        "keyword": "Scenario",
        "steps": [
          {
            "result": {
              "error_message": "org.openqa.selenium.SessionNotCreatedException: session not created\nfrom chrome not reachable\n  (Session info: chrome\u003d101.0.4951.67)\n  (Driver info: chromedriver\u003d2.44.609538 (b655c5a60b0b544917107a59d4153d4bf78e1b90),platform\u003dWindows NT 10.0.19044 x86_64) (WARNING: The server did not provide any stacktrace information)\nCommand duration or timeout: 15.32 seconds\nBuild info: version: \u00273.6.0\u0027, revision: \u00276fbf3ec767\u0027, time: \u00272017-09-27T15:28:36.4Z\u0027\nSystem info: host: \u0027DESKTOP-RDHUOQB\u0027, ip: \u0027192.168.1.10\u0027, os.name: \u0027Windows 10\u0027, os.arch: \u0027amd64\u0027, os.version: \u002710.0\u0027, java.version: \u002717.0.2\u0027\nDriver info: driver.version: ChromeDriver\r\n\tat java.base/jdk.internal.reflect.NativeConstructorAccessorImpl.newInstance0(Native Method)\r\n\tat java.base/jdk.internal.reflect.NativeConstructorAccessorImpl.newInstance(NativeConstructorAccessorImpl.java:77)\r\n\tat java.base/jdk.internal.reflect.DelegatingConstructorAccessorImpl.newInstance(DelegatingConstructorAccessorImpl.java:45)\r\n\tat java.base/java.lang.reflect.Constructor.newInstanceWithCaller(Constructor.java:499)\r\n\tat java.base/java.lang.reflect.Constructor.newInstance(Constructor.java:480)\r\n\tat org.openqa.selenium.remote.ErrorHandler.createThrowable(ErrorHandler.java:214)\r\n\tat org.openqa.selenium.remote.ErrorHandler.throwIfResponseFailed(ErrorHandler.java:166)\r\n\tat org.openqa.selenium.remote.JsonWireProtocolResponse.lambda$new$0(JsonWireProtocolResponse.java:53)\r\n\tat org.openqa.selenium.remote.JsonWireProtocolResponse.lambda$getResponseFunction$2(JsonWireProtocolResponse.java:91)\r\n\tat org.openqa.selenium.remote.ProtocolHandshake.lambda$createSession$24(ProtocolHandshake.java:359)\r\n\tat java.base/java.util.stream.ReferencePipeline$3$1.accept(ReferencePipeline.java:197)\r\n\tat java.base/java.util.Spliterators$ArraySpliterator.tryAdvance(Spliterators.java:1002)\r\n\tat java.base/java.util.stream.ReferencePipeline.forEachWithCancel(ReferencePipeline.java:129)\r\n\tat java.base/java.util.stream.AbstractPipeline.copyIntoWithCancel(AbstractPipeline.java:527)\r\n\tat java.base/java.util.stream.AbstractPipeline.copyInto(AbstractPipeline.java:513)\r\n\tat java.base/java.util.stream.AbstractPipeline.wrapAndCopyInto(AbstractPipeline.java:499)\r\n\tat java.base/java.util.stream.FindOps$FindOp.evaluateSequential(FindOps.java:150)\r\n\tat java.base/java.util.stream.AbstractPipeline.evaluate(AbstractPipeline.java:234)\r\n\tat java.base/java.util.stream.ReferencePipeline.findFirst(ReferencePipeline.java:647)\r\n\tat org.openqa.selenium.remote.ProtocolHandshake.createSession(ProtocolHandshake.java:362)\r\n\tat org.openqa.selenium.remote.ProtocolHandshake.createSession(ProtocolHandshake.java:136)\r\n\tat org.openqa.selenium.remote.HttpCommandExecutor.execute(HttpCommandExecutor.java:142)\r\n\tat org.openqa.selenium.remote.service.DriverCommandExecutor.execute(DriverCommandExecutor.java:83)\r\n\tat org.openqa.selenium.remote.RemoteWebDriver.execute(RemoteWebDriver.java:586)\r\n\tat org.openqa.selenium.remote.RemoteWebDriver.startSession(RemoteWebDriver.java:217)\r\n\tat org.openqa.selenium.remote.RemoteWebDriver.\u003cinit\u003e(RemoteWebDriver.java:140)\r\n\tat org.openqa.selenium.chrome.ChromeDriver.\u003cinit\u003e(ChromeDriver.java:181)\r\n\tat org.openqa.selenium.chrome.ChromeDriver.\u003cinit\u003e(ChromeDriver.java:168)\r\n\tat org.openqa.selenium.chrome.ChromeDriver.\u003cinit\u003e(ChromeDriver.java:123)\r\n\tat stepDefinitionNew.stepDefinitionN.open_the_browser(stepDefinitionN.java:27)\r\n\tat ✽.Open the browser(file:///C:/Users/RavindraBaviskar/eclipse-workspace/TestingCucumber/Feature/loginMyAccount.feature:79)\r\n",
              "duration": 15723254200,
              "status": "failed"
            },
            "line": 79,
            "name": "Open the browser",
            "match": {
              "location": "stepDefinitionNew.stepDefinitionN.open_the_browser()"
            },
            "keyword": "Given "
          },
          {
            "result": {
              "status": "skipped"
            },
            "line": 80,
            "name": "Enter the URL \"http://practice.automationtesting.in/\"",
            "match": {
              "arguments": [
                {
                  "val": "http://practice.automationtesting.in/",
                  "offset": 15
                }
              ],
              "location": "stepDefinitionNew.stepDefinitionN.enter_the_URL(java.lang.String)"
            },
            "keyword": "When "
          },
          {
            "result": {
              "duration": 996500,
              "status": "skipped"
            },
            "line": 81,
            "name": "Click on My Account Menu",
            "match": {
              "location": "stepDefinitionNew.stepDefinitionN.click_on_My_Account_Menu()"
            },
            "keyword": "And "
          },
          {
            "result": {
              "status": "skipped"
            },
            "line": 82,
            "name": "Enter incorrect username \"ar14@gmail.com\" and password \"1234\"",
            "match": {
              "arguments": [
                {
                  "val": "\"ar14@gmail.com\"",
                  "offset": 25
                },
                {
                  "val": "\"1234\"",
                  "offset": 55
                }
              ],
              "location": "stepDefinitionNew.stepDefinitionN.enter_incorrect_username_and_password(java.lang.String,java.lang.String)"
            },
            "keyword": "And "
          },
          {
            "result": {
              "status": "skipped"
            },
            "line": 83,
            "name": "Click on login button",
            "match": {
              "location": "stepDefinitionNew.stepDefinitionN.click_on_login_button()"
            },
            "keyword": "And "
          },
          {
            "result": {
              "status": "skipped"
            },
            "line": 84,
            "name": "Proper error must be displayed and promt to login again",
            "match": {
              "location": "stepDefinitionNew.stepDefinitionN.proper_error_must_be_displayed_and_promt_to_login_again()"
            },
            "keyword": "Then "
          }
        ]
      },
      {
        "start_timestamp": "2022-06-06T17:32:25.538Z",
        "before": [
          {
            "result": {
              "status": "passed"
            },
            "match": {
              "location": "stepDefinitionNew.HooksStepDefinition.setup()"
            }
          }
        ],
        "line": 87,
        "name": "Log-in with correct username and empty password",
        "description": "",
        "id": "myaccount-login-feature;log-in-with-correct-username-and-empty-password",
        "after": [
          {
            "result": {
              "duration": 997400,
              "status": "passed"
            },
            "match": {
              "location": "stepDefinitionNew.HooksStepDefinition.tearDown()"
            }
          }
        ],
        "type": "scenario",
        "keyword": "Scenario",
        "steps": [
          {
            "result": {
              "error_message": "org.openqa.selenium.SessionNotCreatedException: session not created\nfrom chrome not reachable\n  (Session info: chrome\u003d101.0.4951.67)\n  (Driver info: chromedriver\u003d2.44.609538 (b655c5a60b0b544917107a59d4153d4bf78e1b90),platform\u003dWindows NT 10.0.19044 x86_64) (WARNING: The server did not provide any stacktrace information)\nCommand duration or timeout: 15.37 seconds\nBuild info: version: \u00273.6.0\u0027, revision: \u00276fbf3ec767\u0027, time: \u00272017-09-27T15:28:36.4Z\u0027\nSystem info: host: \u0027DESKTOP-RDHUOQB\u0027, ip: \u0027192.168.1.10\u0027, os.name: \u0027Windows 10\u0027, os.arch: \u0027amd64\u0027, os.version: \u002710.0\u0027, java.version: \u002717.0.2\u0027\nDriver info: driver.version: ChromeDriver\r\n\tat java.base/jdk.internal.reflect.NativeConstructorAccessorImpl.newInstance0(Native Method)\r\n\tat java.base/jdk.internal.reflect.NativeConstructorAccessorImpl.newInstance(NativeConstructorAccessorImpl.java:77)\r\n\tat java.base/jdk.internal.reflect.DelegatingConstructorAccessorImpl.newInstance(DelegatingConstructorAccessorImpl.java:45)\r\n\tat java.base/java.lang.reflect.Constructor.newInstanceWithCaller(Constructor.java:499)\r\n\tat java.base/java.lang.reflect.Constructor.newInstance(Constructor.java:480)\r\n\tat org.openqa.selenium.remote.ErrorHandler.createThrowable(ErrorHandler.java:214)\r\n\tat org.openqa.selenium.remote.ErrorHandler.throwIfResponseFailed(ErrorHandler.java:166)\r\n\tat org.openqa.selenium.remote.JsonWireProtocolResponse.lambda$new$0(JsonWireProtocolResponse.java:53)\r\n\tat org.openqa.selenium.remote.JsonWireProtocolResponse.lambda$getResponseFunction$2(JsonWireProtocolResponse.java:91)\r\n\tat org.openqa.selenium.remote.ProtocolHandshake.lambda$createSession$24(ProtocolHandshake.java:359)\r\n\tat java.base/java.util.stream.ReferencePipeline$3$1.accept(ReferencePipeline.java:197)\r\n\tat java.base/java.util.Spliterators$ArraySpliterator.tryAdvance(Spliterators.java:1002)\r\n\tat java.base/java.util.stream.ReferencePipeline.forEachWithCancel(ReferencePipeline.java:129)\r\n\tat java.base/java.util.stream.AbstractPipeline.copyIntoWithCancel(AbstractPipeline.java:527)\r\n\tat java.base/java.util.stream.AbstractPipeline.copyInto(AbstractPipeline.java:513)\r\n\tat java.base/java.util.stream.AbstractPipeline.wrapAndCopyInto(AbstractPipeline.java:499)\r\n\tat java.base/java.util.stream.FindOps$FindOp.evaluateSequential(FindOps.java:150)\r\n\tat java.base/java.util.stream.AbstractPipeline.evaluate(AbstractPipeline.java:234)\r\n\tat java.base/java.util.stream.ReferencePipeline.findFirst(ReferencePipeline.java:647)\r\n\tat org.openqa.selenium.remote.ProtocolHandshake.createSession(ProtocolHandshake.java:362)\r\n\tat org.openqa.selenium.remote.ProtocolHandshake.createSession(ProtocolHandshake.java:136)\r\n\tat org.openqa.selenium.remote.HttpCommandExecutor.execute(HttpCommandExecutor.java:142)\r\n\tat org.openqa.selenium.remote.service.DriverCommandExecutor.execute(DriverCommandExecutor.java:83)\r\n\tat org.openqa.selenium.remote.RemoteWebDriver.execute(RemoteWebDriver.java:586)\r\n\tat org.openqa.selenium.remote.RemoteWebDriver.startSession(RemoteWebDriver.java:217)\r\n\tat org.openqa.selenium.remote.RemoteWebDriver.\u003cinit\u003e(RemoteWebDriver.java:140)\r\n\tat org.openqa.selenium.chrome.ChromeDriver.\u003cinit\u003e(ChromeDriver.java:181)\r\n\tat org.openqa.selenium.chrome.ChromeDriver.\u003cinit\u003e(ChromeDriver.java:168)\r\n\tat org.openqa.selenium.chrome.ChromeDriver.\u003cinit\u003e(ChromeDriver.java:123)\r\n\tat stepDefinitionNew.stepDefinitionN.open_the_browser(stepDefinitionN.java:27)\r\n\tat ✽.Open the browser(file:///C:/Users/RavindraBaviskar/eclipse-workspace/TestingCucumber/Feature/loginMyAccount.feature:88)\r\n",
              "duration": 15760991400,
              "status": "failed"
            },
            "line": 88,
            "name": "Open the browser",
            "match": {
              "location": "stepDefinitionNew.stepDefinitionN.open_the_browser()"
            },
            "keyword": "Given "
          },
          {
            "result": {
              "status": "skipped"
            },
            "line": 89,
            "name": "Enter the URL \"http://practice.automationtesting.in/\"",
            "match": {
              "arguments": [
                {
                  "val": "http://practice.automationtesting.in/",
                  "offset": 15
                }
              ],
              "location": "stepDefinitionNew.stepDefinitionN.enter_the_URL(java.lang.String)"
            },
            "keyword": "When "
          },
          {
            "result": {
              "status": "skipped"
            },
            "line": 90,
            "name": "Click on My Account Menu",
            "match": {
              "location": "stepDefinitionNew.stepDefinitionN.click_on_My_Account_Menu()"
            },
            "keyword": "And "
          },
          {
            "result": {
              "status": "skipped"
            },
            "line": 91,
            "name": "Enter incorrect username \"archu.sonawane@gmail.com\" and password \"\"",
            "match": {
              "arguments": [
                {
                  "val": "\"archu.sonawane@gmail.com\"",
                  "offset": 25
                },
                {
                  "val": "\"\"",
                  "offset": 65
                }
              ],
              "location": "stepDefinitionNew.stepDefinitionN.enter_incorrect_username_and_password(java.lang.String,java.lang.String)"
            },
            "keyword": "And "
          },
          {
            "result": {
              "duration": 998200,
              "status": "skipped"
            },
            "line": 92,
            "name": "Click on login button",
            "match": {
              "location": "stepDefinitionNew.stepDefinitionN.click_on_login_button()"
            },
            "keyword": "And "
          },
          {
            "result": {
              "status": "skipped"
            },
            "line": 93,
            "name": "Proper error must be displayed and promt to login again",
            "match": {
              "location": "stepDefinitionNew.stepDefinitionN.proper_error_must_be_displayed_and_promt_to_login_again()"
            },
            "keyword": "Then "
          }
        ]
      },
      {
        "start_timestamp": "2022-06-06T17:32:41.314Z",
        "before": [
          {
            "result": {
              "status": "passed"
            },
            "match": {
              "location": "stepDefinitionNew.HooksStepDefinition.setup()"
            }
          }
        ],
        "line": 96,
        "name": "Log-in with empty username and correct password",
        "description": "",
        "id": "myaccount-login-feature;log-in-with-empty-username-and-correct-password",
        "after": [
          {
            "result": {
              "status": "passed"
            },
            "match": {
              "location": "stepDefinitionNew.HooksStepDefinition.tearDown()"
            }
          }
        ],
        "type": "scenario",
        "keyword": "Scenario",
        "steps": [
          {
            "result": {
              "error_message": "org.openqa.selenium.SessionNotCreatedException: session not created\nfrom chrome not reachable\n  (Session info: chrome\u003d101.0.4951.67)\n  (Driver info: chromedriver\u003d2.44.609538 (b655c5a60b0b544917107a59d4153d4bf78e1b90),platform\u003dWindows NT 10.0.19044 x86_64) (WARNING: The server did not provide any stacktrace information)\nCommand duration or timeout: 15.08 seconds\nBuild info: version: \u00273.6.0\u0027, revision: \u00276fbf3ec767\u0027, time: \u00272017-09-27T15:28:36.4Z\u0027\nSystem info: host: \u0027DESKTOP-RDHUOQB\u0027, ip: \u0027192.168.1.10\u0027, os.name: \u0027Windows 10\u0027, os.arch: \u0027amd64\u0027, os.version: \u002710.0\u0027, java.version: \u002717.0.2\u0027\nDriver info: driver.version: ChromeDriver\r\n\tat java.base/jdk.internal.reflect.NativeConstructorAccessorImpl.newInstance0(Native Method)\r\n\tat java.base/jdk.internal.reflect.NativeConstructorAccessorImpl.newInstance(NativeConstructorAccessorImpl.java:77)\r\n\tat java.base/jdk.internal.reflect.DelegatingConstructorAccessorImpl.newInstance(DelegatingConstructorAccessorImpl.java:45)\r\n\tat java.base/java.lang.reflect.Constructor.newInstanceWithCaller(Constructor.java:499)\r\n\tat java.base/java.lang.reflect.Constructor.newInstance(Constructor.java:480)\r\n\tat org.openqa.selenium.remote.ErrorHandler.createThrowable(ErrorHandler.java:214)\r\n\tat org.openqa.selenium.remote.ErrorHandler.throwIfResponseFailed(ErrorHandler.java:166)\r\n\tat org.openqa.selenium.remote.JsonWireProtocolResponse.lambda$new$0(JsonWireProtocolResponse.java:53)\r\n\tat org.openqa.selenium.remote.JsonWireProtocolResponse.lambda$getResponseFunction$2(JsonWireProtocolResponse.java:91)\r\n\tat org.openqa.selenium.remote.ProtocolHandshake.lambda$createSession$24(ProtocolHandshake.java:359)\r\n\tat java.base/java.util.stream.ReferencePipeline$3$1.accept(ReferencePipeline.java:197)\r\n\tat java.base/java.util.Spliterators$ArraySpliterator.tryAdvance(Spliterators.java:1002)\r\n\tat java.base/java.util.stream.ReferencePipeline.forEachWithCancel(ReferencePipeline.java:129)\r\n\tat java.base/java.util.stream.AbstractPipeline.copyIntoWithCancel(AbstractPipeline.java:527)\r\n\tat java.base/java.util.stream.AbstractPipeline.copyInto(AbstractPipeline.java:513)\r\n\tat java.base/java.util.stream.AbstractPipeline.wrapAndCopyInto(AbstractPipeline.java:499)\r\n\tat java.base/java.util.stream.FindOps$FindOp.evaluateSequential(FindOps.java:150)\r\n\tat java.base/java.util.stream.AbstractPipeline.evaluate(AbstractPipeline.java:234)\r\n\tat java.base/java.util.stream.ReferencePipeline.findFirst(ReferencePipeline.java:647)\r\n\tat org.openqa.selenium.remote.ProtocolHandshake.createSession(ProtocolHandshake.java:362)\r\n\tat org.openqa.selenium.remote.ProtocolHandshake.createSession(ProtocolHandshake.java:136)\r\n\tat org.openqa.selenium.remote.HttpCommandExecutor.execute(HttpCommandExecutor.java:142)\r\n\tat org.openqa.selenium.remote.service.DriverCommandExecutor.execute(DriverCommandExecutor.java:83)\r\n\tat org.openqa.selenium.remote.RemoteWebDriver.execute(RemoteWebDriver.java:586)\r\n\tat org.openqa.selenium.remote.RemoteWebDriver.startSession(RemoteWebDriver.java:217)\r\n\tat org.openqa.selenium.remote.RemoteWebDriver.\u003cinit\u003e(RemoteWebDriver.java:140)\r\n\tat org.openqa.selenium.chrome.ChromeDriver.\u003cinit\u003e(ChromeDriver.java:181)\r\n\tat org.openqa.selenium.chrome.ChromeDriver.\u003cinit\u003e(ChromeDriver.java:168)\r\n\tat org.openqa.selenium.chrome.ChromeDriver.\u003cinit\u003e(ChromeDriver.java:123)\r\n\tat stepDefinitionNew.stepDefinitionN.open_the_browser(stepDefinitionN.java:27)\r\n\tat ✽.Open the browser(file:///C:/Users/RavindraBaviskar/eclipse-workspace/TestingCucumber/Feature/loginMyAccount.feature:97)\r\n",
              "duration": 15874077700,
              "status": "failed"
            },
            "line": 97,
            "name": "Open the browser",
            "match": {
              "location": "stepDefinitionNew.stepDefinitionN.open_the_browser()"
            },
            "keyword": "Given "
          },
          {
            "result": {
              "duration": 997000,
              "status": "skipped"
            },
            "line": 98,
            "name": "Enter the URL \"http://practice.automationtesting.in/\"",
            "match": {
              "arguments": [
                {
                  "val": "http://practice.automationtesting.in/",
                  "offset": 15
                }
              ],
              "location": "stepDefinitionNew.stepDefinitionN.enter_the_URL(java.lang.String)"
            },
            "keyword": "When "
          },
          {
            "result": {
              "status": "skipped"
            },
            "line": 99,
            "name": "Click on My Account Menu",
            "match": {
              "location": "stepDefinitionNew.stepDefinitionN.click_on_My_Account_Menu()"
            },
            "keyword": "And "
          },
          {
            "result": {
              "duration": 5983000,
              "status": "skipped"
            },
            "line": 100,
            "name": "Enter incorrect username \"\" and password \"taranayan1420\"",
            "match": {
              "arguments": [
                {
                  "val": "\"\"",
                  "offset": 25
                },
                {
                  "val": "\"taranayan1420\"",
                  "offset": 41
                }
              ],
              "location": "stepDefinitionNew.stepDefinitionN.enter_incorrect_username_and_password(java.lang.String,java.lang.String)"
            },
            "keyword": "And "
          },
          {
            "result": {
              "status": "skipped"
            },
            "line": 101,
            "name": "Click on login button",
            "match": {
              "location": "stepDefinitionNew.stepDefinitionN.click_on_login_button()"
            },
            "keyword": "And "
          },
          {
            "result": {
              "status": "skipped"
            },
            "line": 102,
            "name": "Proper error must be displayed and promt to login again",
            "match": {
              "location": "stepDefinitionNew.stepDefinitionN.proper_error_must_be_displayed_and_promt_to_login_again()"
            },
            "keyword": "Then "
          }
        ]
      },
      {
        "start_timestamp": "2022-06-06T17:32:57.209Z",
        "before": [
          {
            "result": {
              "status": "passed"
            },
            "match": {
              "location": "stepDefinitionNew.HooksStepDefinition.setup()"
            }
          }
        ],
        "line": 105,
        "name": "Log-in with empty username and empty password",
        "description": "",
        "id": "myaccount-login-feature;log-in-with-empty-username-and-empty-password",
        "after": [
          {
            "result": {
              "status": "passed"
            },
            "match": {
              "location": "stepDefinitionNew.HooksStepDefinition.tearDown()"
            }
          }
        ],
        "type": "scenario",
        "keyword": "Scenario",
        "steps": [
          {
            "result": {
              "error_message": "org.openqa.selenium.SessionNotCreatedException: session not created\nfrom chrome not reachable\n  (Session info: chrome\u003d101.0.4951.67)\n  (Driver info: chromedriver\u003d2.44.609538 (b655c5a60b0b544917107a59d4153d4bf78e1b90),platform\u003dWindows NT 10.0.19044 x86_64) (WARNING: The server did not provide any stacktrace information)\nCommand duration or timeout: 15.13 seconds\nBuild info: version: \u00273.6.0\u0027, revision: \u00276fbf3ec767\u0027, time: \u00272017-09-27T15:28:36.4Z\u0027\nSystem info: host: \u0027DESKTOP-RDHUOQB\u0027, ip: \u0027192.168.1.10\u0027, os.name: \u0027Windows 10\u0027, os.arch: \u0027amd64\u0027, os.version: \u002710.0\u0027, java.version: \u002717.0.2\u0027\nDriver info: driver.version: ChromeDriver\r\n\tat java.base/jdk.internal.reflect.NativeConstructorAccessorImpl.newInstance0(Native Method)\r\n\tat java.base/jdk.internal.reflect.NativeConstructorAccessorImpl.newInstance(NativeConstructorAccessorImpl.java:77)\r\n\tat java.base/jdk.internal.reflect.DelegatingConstructorAccessorImpl.newInstance(DelegatingConstructorAccessorImpl.java:45)\r\n\tat java.base/java.lang.reflect.Constructor.newInstanceWithCaller(Constructor.java:499)\r\n\tat java.base/java.lang.reflect.Constructor.newInstance(Constructor.java:480)\r\n\tat org.openqa.selenium.remote.ErrorHandler.createThrowable(ErrorHandler.java:214)\r\n\tat org.openqa.selenium.remote.ErrorHandler.throwIfResponseFailed(ErrorHandler.java:166)\r\n\tat org.openqa.selenium.remote.JsonWireProtocolResponse.lambda$new$0(JsonWireProtocolResponse.java:53)\r\n\tat org.openqa.selenium.remote.JsonWireProtocolResponse.lambda$getResponseFunction$2(JsonWireProtocolResponse.java:91)\r\n\tat org.openqa.selenium.remote.ProtocolHandshake.lambda$createSession$24(ProtocolHandshake.java:359)\r\n\tat java.base/java.util.stream.ReferencePipeline$3$1.accept(ReferencePipeline.java:197)\r\n\tat java.base/java.util.Spliterators$ArraySpliterator.tryAdvance(Spliterators.java:1002)\r\n\tat java.base/java.util.stream.ReferencePipeline.forEachWithCancel(ReferencePipeline.java:129)\r\n\tat java.base/java.util.stream.AbstractPipeline.copyIntoWithCancel(AbstractPipeline.java:527)\r\n\tat java.base/java.util.stream.AbstractPipeline.copyInto(AbstractPipeline.java:513)\r\n\tat java.base/java.util.stream.AbstractPipeline.wrapAndCopyInto(AbstractPipeline.java:499)\r\n\tat java.base/java.util.stream.FindOps$FindOp.evaluateSequential(FindOps.java:150)\r\n\tat java.base/java.util.stream.AbstractPipeline.evaluate(AbstractPipeline.java:234)\r\n\tat java.base/java.util.stream.ReferencePipeline.findFirst(ReferencePipeline.java:647)\r\n\tat org.openqa.selenium.remote.ProtocolHandshake.createSession(ProtocolHandshake.java:362)\r\n\tat org.openqa.selenium.remote.ProtocolHandshake.createSession(ProtocolHandshake.java:136)\r\n\tat org.openqa.selenium.remote.HttpCommandExecutor.execute(HttpCommandExecutor.java:142)\r\n\tat org.openqa.selenium.remote.service.DriverCommandExecutor.execute(DriverCommandExecutor.java:83)\r\n\tat org.openqa.selenium.remote.RemoteWebDriver.execute(RemoteWebDriver.java:586)\r\n\tat org.openqa.selenium.remote.RemoteWebDriver.startSession(RemoteWebDriver.java:217)\r\n\tat org.openqa.selenium.remote.RemoteWebDriver.\u003cinit\u003e(RemoteWebDriver.java:140)\r\n\tat org.openqa.selenium.chrome.ChromeDriver.\u003cinit\u003e(ChromeDriver.java:181)\r\n\tat org.openqa.selenium.chrome.ChromeDriver.\u003cinit\u003e(ChromeDriver.java:168)\r\n\tat org.openqa.selenium.chrome.ChromeDriver.\u003cinit\u003e(ChromeDriver.java:123)\r\n\tat stepDefinitionNew.stepDefinitionN.open_the_browser(stepDefinitionN.java:27)\r\n\tat ✽.Open the browser(file:///C:/Users/RavindraBaviskar/eclipse-workspace/TestingCucumber/Feature/loginMyAccount.feature:106)\r\n",
              "duration": 15523729700,
              "status": "failed"
            },
            "line": 106,
            "name": "Open the browser",
            "match": {
              "location": "stepDefinitionNew.stepDefinitionN.open_the_browser()"
            },
            "keyword": "Given "
          },
          {
            "result": {
              "status": "skipped"
            },
            "line": 107,
            "name": "Enter the URL \"http://practice.automationtesting.in/\"",
            "match": {
              "arguments": [
                {
                  "val": "http://practice.automationtesting.in/",
                  "offset": 15
                }
              ],
              "location": "stepDefinitionNew.stepDefinitionN.enter_the_URL(java.lang.String)"
            },
            "keyword": "When "
          },
          {
            "result": {
              "status": "skipped"
            },
            "line": 108,
            "name": "Click on My Account Menu",
            "match": {
              "location": "stepDefinitionNew.stepDefinitionN.click_on_My_Account_Menu()"
            },
            "keyword": "And "
          },
          {
            "result": {
              "status": "skipped"
            },
            "line": 109,
            "name": "Enter incorrect username \"\" and password \"\"",
            "match": {
              "arguments": [
                {
                  "val": "\"\"",
                  "offset": 25
                },
                {
                  "val": "\"\"",
                  "offset": 41
                }
              ],
              "location": "stepDefinitionNew.stepDefinitionN.enter_incorrect_username_and_password(java.lang.String,java.lang.String)"
            },
            "keyword": "And "
          },
          {
            "result": {
              "status": "skipped"
            },
            "line": 110,
            "name": "Click on login button",
            "match": {
              "location": "stepDefinitionNew.stepDefinitionN.click_on_login_button()"
            },
            "keyword": "And "
          },
          {
            "result": {
              "status": "skipped"
            },
            "line": 111,
            "name": "Proper error must be displayed and promt to login again",
            "match": {
              "location": "stepDefinitionNew.stepDefinitionN.proper_error_must_be_displayed_and_promt_to_login_again()"
            },
            "keyword": "Then "
          }
        ]
      }
    ],
    "name": "MyAccount-Login Feature",
    "description": "  Description: This feature will test a Login feature",
    "id": "myaccount-login-feature",
    "keyword": "Feature",
    "uri": "file:Feature/loginMyAccount.feature",
    "tags": []
  }
]